2022-03-29T14:02:06+00:00	file-myapp.log	{"app":"file-myapp"}
2022-03-29T14:02:06+00:00	file-myapp.log	{"app":"file-myapp"}
2022-03-29T14:02:06+00:00	file-myapp.log	{"app":"file-myapp"}
2022-03-29T14:02:06+00:00	file-myapp.log	{"app":"file-myapp"}
2022-03-29T14:02:06+00:00	file-myapp.log	{"app":"file-myapp"}
2022-03-29T14:02:06+00:00	file-myapp.log	{"app":"file-myapp"}
2022-03-29T14:02:06+00:00	file-myapp.log	{"app":"file-myapp"}
2022-03-29T14:02:06+00:00	file-myapp.log	{"app":"file-myapp"}
2022-03-29T14:02:06+00:00	file-myapp.log	{"app":"file-myapp"}
2022-03-29T14:02:06+00:00	file-myapp.log	{"app":"file-myapp"}
2022-03-29T14:02:06+00:00	file-myapp.log	{"app":"file-myapp"}
2022-03-29T14:02:06+00:00	file-myapp.log	{"app":"file-myapp"}
2022-03-29T14:02:06+00:00	file-myapp.log	{"app":"file-myapp"}
2022-03-29T14:02:06+00:00	file-myapp.log	{"app":"file-myapp"}
2022-03-29T14:02:06+00:00	file-myapp.log	{"app":"file-myapp"}
2022-03-29T14:02:06+00:00	file-myapp.log	{"app":"file-myapp"}
2022-03-29T14:02:06+00:00	file-myapp.log	{"app":"file-myapp"}
2022-03-29T14:02:06+00:00	file-myapp.log	{"app":"file-myapp"}
2022-03-29T14:02:06+00:00	file-myapp.log	{"app":"file-myapp"}
2022-03-29T14:02:06+00:00	file-myapp.log	{"app":"file-myapp"}
2022-03-29T14:02:06+00:00	file-myapp.log	{"app":"file-myapp"}
2022-03-29T14:02:06+00:00	file-myapp.log	{"app":"file-myapp"}
2022-03-29T14:02:06+00:00	file-myapp.log	{"app":"file-myapp"}
2022-03-29T14:02:06+00:00	file-myapp.log	{"app":"file-myapp"}
2022-03-29T14:02:06+00:00	file-myapp.log	{"app":"file-myapp"}
2022-03-29T14:02:06+00:00	file-myapp.log	{"app":"file-myapp"}
2022-03-29T14:02:06+00:00	file-myapp.log	{"app":"file-myapp"}
2022-03-29T14:02:06+00:00	file-myapp.log	{"app":"file-myapp"}
2022-03-29T14:02:06+00:00	file-myapp.log	{"app":"file-myapp"}
2022-03-29T14:02:06+00:00	file-myapp.log	{"app":"file-myapp"}
2022-03-29T14:02:06+00:00	file-myapp.log	{"app":"file-myapp"}
2022-03-29T14:02:06+00:00	file-myapp.log	{"app":"file-myapp"}
2022-03-29T14:02:06+00:00	file-myapp.log	{"app":"file-myapp"}
2022-03-29T14:02:06+00:00	file-myapp.log	{"app":"file-myapp"}
2022-03-29T14:02:06+00:00	file-myapp.log	{"app":"file-myapp"}
2022-03-29T14:02:06+00:00	file-myapp.log	{"app":"file-myapp"}
2022-03-29T14:02:06+00:00	file-myapp.log	{"app":"file-myapp"}
2022-03-29T14:02:06+00:00	file-myapp.log	{"app":"file-myapp"}
2022-03-29T14:02:06+00:00	file-myapp.log	{"app":"file-myapp"}
2022-03-29T14:02:06+00:00	file-myapp.log	{"app":"file-myapp"}
2022-03-29T14:02:06+00:00	file-myapp.log	{"app":"file-myapp"}
2022-03-29T14:02:06+00:00	file-myapp.log	{"app":"file-myapp"}
2022-03-29T14:02:06+00:00	file-myapp.log	{"app":"file-myapp"}
2022-03-29T14:02:06+00:00	file-myapp.log	{"app":"file-myapp"}
2022-03-29T14:02:06+00:00	file-myapp.log	{"app":"file-myapp"}
2022-03-29T14:02:06+00:00	file-myapp.log	{"app":"file-myapp"}
2022-03-29T14:02:06+00:00	file-myapp.log	{"app":"file-myapp"}
2022-03-29T14:02:06+00:00	file-myapp.log	{"app":"file-myapp"}
2022-03-29T14:02:06+00:00	file-myapp.log	{"app":"file-myapp"}
2022-03-29T14:02:06+00:00	file-myapp.log	{"app":"file-myapp"}
2022-03-29T14:02:06+00:00	file-myapp.log	{"app":"file-myapp"}
2022-03-29T14:02:06+00:00	file-myapp.log	{"app":"file-myapp"}
2022-03-29T14:02:06+00:00	file-myapp.log	{"app":"file-myapp"}
2022-03-29T14:02:06+00:00	file-myapp.log	{"app":"file-myapp"}
2022-03-29T14:02:07+00:00	file-myapp.log	{"app":"file-myapp"}
2022-03-29T14:02:12+00:00	file-myapp.log	{"app":"file-myapp"}
2022-03-29T14:02:17+00:00	file-myapp.log	{"app":"file-myapp"}
2022-03-29T14:02:22+00:00	file-myapp.log	{"app":"file-myapp"}
2022-03-29T14:02:27+00:00	file-myapp.log	{"app":"file-myapp"}
2022-03-29T14:02:32+00:00	file-myapp.log	{"app":"file-myapp"}
2022-03-29T14:02:37+00:00	file-myapp.log	{"app":"file-myapp"}
2022-03-29T14:02:42+00:00	file-myapp.log	{"app":"file-myapp"}
2022-03-29T14:02:47+00:00	file-myapp.log	{"app":"file-myapp"}
2022-03-29T14:02:52+00:00	file-myapp.log	{"app":"file-myapp"}
2022-03-29T14:02:57+00:00	file-myapp.log	{"app":"file-myapp"}
2022-03-29T14:03:02+00:00	file-myapp.log	{"app":"file-myapp"}
2022-03-29T14:03:07+00:00	file-myapp.log	{"app":"file-myapp"}
2022-03-29T14:03:12+00:00	file-myapp.log	{"app":"file-myapp"}
2022-03-29T14:03:17+00:00	file-myapp.log	{"app":"file-myapp"}
2022-03-29T14:03:22+00:00	file-myapp.log	{"app":"file-myapp"}
2022-03-29T14:03:27+00:00	file-myapp.log	{"app":"file-myapp"}
2022-03-29T14:04:23+00:00	file-myapp-testing.log	{"app":"file-myapp"}
2022-03-29T14:04:27+00:00	file-myapp-testing.log	{"app":"file-myapp"}
2022-03-29T14:04:32+00:00	file-myapp-testing.log	{"app":"file-myapp"}
2022-03-29T14:04:37+00:00	file-myapp-testing.log	{"app":"file-myapp"}
2022-03-29T14:04:42+00:00	file-myapp-testing.log	{"app":"file-myapp"}
2022-03-29T14:04:47+00:00	file-myapp-testing.log	{"app":"file-myapp"}
2022-03-29T14:04:52+00:00	file-myapp-testing.log	{"app":"file-myapp"}
2022-03-29T14:04:57+00:00	file-myapp-testing.log	{"app":"file-myapp"}
2022-03-29T14:05:02+00:00	file-myapp-testing.log	{"app":"file-myapp"}
2022-03-29T14:05:07+00:00	file-myapp-testing.log	{"app":"file-myapp"}
2022-03-29T14:05:12+00:00	file-myapp-testing.log	{"app":"file-myapp"}
2022-03-29T14:05:17+00:00	file-myapp-testing.log	{"app":"file-myapp"}
2022-03-29T14:05:22+00:00	file-myapp-testing.log	{"app":"file-myapp"}
2022-03-29T14:05:27+00:00	file-myapp-testing.log	{"app":"file-myapp"}
2022-03-29T14:05:28+00:00	file-myapp-testing.log	{"app":"file-myapp"}
2022-03-29T14:05:33+00:00	file-myapp-testing.log	{"app":"file-myapp"}
2022-03-29T14:05:38+00:00	file-myapp-testing.log	{"app":"file-myapp"}
2022-03-29T14:05:43+00:00	file-myapp-testing.log	{"app":"file-myapp"}
2022-03-29T14:05:48+00:00	file-myapp-testing.log	{"app":"file-myapp"}
2022-03-29T14:05:53+00:00	file-myapp-testing.log	{"app":"file-myapp"}
2022-03-29T14:05:58+00:00	file-myapp-testing.log	{"app":"file-myapp"}
2022-03-29T14:06:03+00:00	file-myapp-testing.log	{"app":"file-myapp"}
2022-03-29T14:06:08+00:00	file-myapp-testing.log	{"app":"file-myapp"}
2022-03-29T14:06:13+00:00	file-myapp-testing.log	{"app":"file-myapp"}
2022-03-29T14:06:18+00:00	file-myapp-testing.log	{"app":"file-myapp"}
2022-03-29T14:06:23+00:00	file-myapp-testing.log	{"app":"file-myapp"}
2022-03-29T14:06:28+00:00	file-myapp-testing.log	{"app":"file-myapp"}
2022-03-29T14:06:33+00:00	file-myapp-example.log	{"app":"file-myapp"}
2022-03-29T14:06:38+00:00	file-myapp-example.log	{"app":"file-myapp"}
2022-03-29T14:06:43+00:00	file-myapp-example.log	{"app":"file-myapp"}
2022-03-29T14:06:48+00:00	file-myapp-example.log	{"app":"file-myapp"}
2022-03-29T14:06:53+00:00	file-myapp-example.log	{"app":"file-myapp"}
2022-03-29T14:06:58+00:00	file-myapp-example.log	{"app":"file-myapp"}
2022-03-29T14:07:01+00:00	file-myapp-new.log	{"app":"file-myapp"}
2022-03-29T14:07:01+00:00	file-myapp-new.log	{"app":"file-myapp"}
2022-03-29T14:07:01+00:00	file-myapp-new.log	{"app":"file-myapp"}
2022-03-29T14:07:01+00:00	file-myapp-new.log	{"app":"file-myapp"}
2022-03-29T14:07:01+00:00	file-myapp-new.log	{"app":"file-myapp"}
2022-03-29T14:07:01+00:00	file-myapp-new.log	{"app":"file-myapp"}
2022-03-29T14:07:01+00:00	file-myapp-new.log	{"app":"file-myapp"}
2022-03-29T14:07:01+00:00	file-myapp-new.log	{"app":"file-myapp"}
2022-03-29T14:07:01+00:00	file-myapp-new.log	{"app":"file-myapp"}
2022-03-29T14:07:01+00:00	file-myapp-new.log	{"app":"file-myapp"}
2022-03-29T14:07:01+00:00	file-myapp-new.log	{"app":"file-myapp"}
2022-03-29T14:07:01+00:00	file-myapp-new.log	{"app":"file-myapp"}
2022-03-29T14:07:01+00:00	file-myapp-new.log	{"app":"file-myapp"}
2022-03-29T14:07:01+00:00	file-myapp-new.log	{"app":"file-myapp"}
2022-03-29T14:07:01+00:00	file-myapp-new.log	{"app":"file-myapp"}
2022-03-29T14:07:01+00:00	file-myapp-new.log	{"app":"file-myapp"}
2022-03-29T14:07:01+00:00	file-myapp-new.log	{"app":"file-myapp"}
2022-03-29T14:07:01+00:00	file-myapp-new.log	{"app":"file-myapp"}
2022-03-29T14:07:01+00:00	file-myapp-new.log	{"app":"file-myapp"}
2022-03-29T14:07:03+00:00	file-myapp-example.log	{"app":"file-myapp"}
2022-03-29T14:07:03+00:00	file-myapp-new.log	{"app":"file-myapp"}
2022-03-29T14:07:08+00:00	file-myapp-new.log	{"app":"file-myapp"}
2022-03-29T14:07:08+00:00	file-myapp-example.log	{"app":"file-myapp"}
2022-03-29T14:07:13+00:00	file-myapp-example.log	{"app":"file-myapp"}
2022-03-29T14:07:13+00:00	file-myapp-new.log	{"app":"file-myapp"}
2022-03-29T14:07:18+00:00	file-myapp-example.log	{"app":"file-myapp"}
2022-03-29T14:07:18+00:00	file-myapp-new.log	{"app":"file-myapp"}
2022-03-29T14:07:23+00:00	file-myapp-new.log	{"app":"file-myapp"}
2022-03-29T14:07:23+00:00	file-myapp-example.log	{"app":"file-myapp"}
2022-03-29T14:07:28+00:00	file-myapp-example.log	{"app":"file-myapp"}
2022-03-29T14:07:28+00:00	file-myapp-new.log	{"app":"file-myapp"}
2022-03-29T14:07:33+00:00	file-myapp-new.log	{"app":"file-myapp"}
2022-03-29T14:07:33+00:00	file-myapp-example.log	{"app":"file-myapp"}
2022-03-29T14:07:38+00:00	file-myapp-example.log	{"app":"file-myapp"}
2022-03-29T14:07:38+00:00	file-myapp-new.log	{"app":"file-myapp"}
2022-03-29T14:07:43+00:00	file-myapp-example.log	{"app":"file-myapp"}
2022-03-29T14:07:43+00:00	file-myapp-new.log	{"app":"file-myapp"}
2022-03-29T14:07:48+00:00	file-myapp-example.log	{"app":"file-myapp"}
2022-03-29T14:07:48+00:00	file-myapp-new.log	{"app":"file-myapp"}
2022-03-29T14:07:53+00:00	file-myapp-example.log	{"app":"file-myapp"}
2022-03-29T14:07:53+00:00	file-myapp-new.log	{"app":"file-myapp"}
2022-03-29T14:07:59+00:00	file-myapp-example.log	{"app":"file-myapp","host_param":"4cb1b1b86c6d"}
2022-03-29T14:08:03+00:00	file-myapp-example.log	{"app":"file-myapp","host_param":"4cb1b1b86c6d"}
2022-03-29T14:08:08+00:00	file-myapp-example.log	{"app":"file-myapp","host_param":"4cb1b1b86c6d"}
2022-03-29T14:08:13+00:00	file-myapp-example.log	{"app":"file-myapp","host_param":"4cb1b1b86c6d"}
2022-03-29T14:08:18+00:00	file-myapp-example.log	{"app":"file-myapp","host_param":"4cb1b1b86c6d"}
2022-03-29T14:08:23+00:00	file-myapp-example.log	{"app":"file-myapp","host_param":"4cb1b1b86c6d"}
2022-03-29T14:08:28+00:00	file-myapp-example.log	{"app":"file-myapp","host_param":"4cb1b1b86c6d"}
2022-03-29T14:08:33+00:00	file-myapp-example.log	{"app":"file-myapp","host_param":"4cb1b1b86c6d"}
